#
# A fatal error has been detected by the Java Runtime Environment:
#
#  EXCEPTION_ACCESS_VIOLATION (0xc0000005) at pc=0x000001279f671066, pid=20028, tid=0x0000000000001e98
#
# JRE version: Java(TM) SE Runtime Environment (8.0_351-b10) (build 1.8.0_351-b10)
# Java VM: Java HotSpot(TM) 64-Bit Server VM (25.351-b10 mixed mode windows-amd64 compressed oops)
# Problematic frame:
# C  [OpenAL64.dll+0x11066]
#
# Failed to write core dump. Minidumps are not enabled by default on client versions of Windows
#
# If you would like to submit a bug report, please visit:
#   http://bugreport.java.com/bugreport/crash.jsp
# The crash happened outside the Java Virtual Machine in native code.
# See problematic frame for where to report the bug.
#

---------------  T H R E A D  ---------------

Current thread (0x00000127fe126800):  JavaThread "main" [_thread_in_native, id=7832, stack(0x0000000fe8f00000,0x0000000fe9000000)]

siginfo: ExceptionCode=0xc0000005, reading address 0x000001279ea3d004

Registers:
RAX=0x0000000000020003, RBX=0x00000127a1d30090, RCX=0x000001279ea3d008, RDX=0x000001279ea3d004
RSP=0x0000000fe8ffc910, RBP=0x00000000000000ff, RSI=0x000001279ea30c2c, RDI=0x0000000000000000
R8 =0x00000000000030f6, R9 =0x000001279ea30c2c, R10=0x00000127800199c2, R11=0x0000000054b6afe0
R12=0x0000000000000001, R13=0x00000127a19ef460, R14=0x0000000fe8ffcab0, R15=0x00000127fe126800
RIP=0x000001279f671066, EFLAGS=0x0000000000010202

Top of Stack: (sp=0x0000000fe8ffc910)
0x0000000fe8ffc910:   0000000000000000 00000127fe126800
0x0000000fe8ffc920:   00000127a19ef460 0000000000000000
0x0000000fe8ffc930:   00000127a19ef460 0000000000000000
0x0000000fe8ffc940:   00000127fe126800 0000000fe8ffcab0
0x0000000fe8ffc950:   0000000fe8ffca78 0000000054a0358b
0x0000000fe8ffc960:   0000000fe8ffc990 0000000000000013
0x0000000fe8ffc970:   00000127fe1259b0 00000127fe126e10
0x0000000fe8ffc980:   00000127fe126800 0000000fe8ffcab0
0x0000000fe8ffc990:   00000127a19ef460 0000000000000000
0x0000000fe8ffc9a0:   000001279ea30c2c 0000000000000007
0x0000000fe8ffc9b0:   0000000fe8ffca78 000001279f67248f
0x0000000fe8ffc9c0:   00000127a1d30090 00000127a1d30090
0x0000000fe8ffc9d0:   000001270000ac44 0000012700020003
0x0000000fe8ffc9e0:   0000012780007f10 00000127800199ee
0x0000000fe8ffc9f0:   00000127a19ef460 0000000000000007
0x0000000fe8ffca00:   0000012780007f10 00000127800196fb 

Instructions: (pc=0x000001279f671066)
0x000001279f671046:   41 2b ec 81 3a 03 00 02 00 75 09 8b 01 89 84 24
0x000001279f671056:   c8 00 00 00 49 83 c0 02 48 83 c1 08 4a 8d 14 86
0x000001279f671066:   39 3a 75 af 4c 8d 84 24 c0 00 00 00 48 8d 15 d7
0x000001279f671076:   2b 03 00 33 c9 e8 58 5f 00 00 b8 40 1f 00 00 4c 


Register to memory mapping:

RAX=0x0000000000020003 is an unknown value
RBX=0x00000127a1d30090 is an unknown value
RCX=0x000001279ea3d008 is an unknown value
RDX=0x000001279ea3d004 is an unknown value
RSP=0x0000000fe8ffc910 is pointing into the stack for thread: 0x00000127fe126800
RBP=0x00000000000000ff is an unknown value
RSI=0x000001279ea30c2c is an unknown value
RDI=0x0000000000000000 is an unknown value
R8 =0x00000000000030f6 is an unknown value
R9 =0x000001279ea30c2c is an unknown value
R10=0x00000127800199c2 is at code_begin+962 in an Interpreter codelet
method entry point (kind = native)  [0x0000012780019600, 0x000001278001a0a0]  2720 bytes
R11=0x0000000054b6afe0 is an unknown value
R12=0x0000000000000001 is an unknown value
R13={method} {0x00000127a19ef468} 'nalcCreateContext' '(JJ)J' in 'org/lwjgl/openal/ALC10'
R14=0x0000000fe8ffcab0 is pointing into the stack for thread: 0x00000127fe126800
R15=0x00000127fe126800 is a thread


Stack: [0x0000000fe8f00000,0x0000000fe9000000],  sp=0x0000000fe8ffc910,  free space=1010k
Native frames: (J=compiled Java code, j=interpreted, Vv=VM code, C=native code)
C  [OpenAL64.dll+0x11066]
C  [OpenAL64.dll+0x1248f]
C  0x00000127800199ee

Java frames: (J=compiled Java code, j=interpreted, Vv=VM code)
j  org.lwjgl.openal.ALC10.nalcCreateContext(JJ)J+0
j  org.lwjgl.openal.ALC10.alcCreateContext(Lorg/lwjgl/openal/ALCdevice;Ljava/nio/IntBuffer;)Lorg/lwjgl/openal/ALCcontext;+8
j  org.lwjgl.openal.AL.init(Ljava/lang/String;IIZZ)V+69
j  org.lwjgl.openal.AL.create(Ljava/lang/String;IIZZ)V+246
j  org.lwjgl.openal.AL.create(Ljava/lang/String;IIZ)V+5
j  org.lwjgl.openal.AL.create()V+6
j  com.badlogic.gdx.backends.lwjgl.audio.OpenALAudio.<init>(III)V+114
j  com.badlogic.gdx.backends.lwjgl.LwjglApplication.<init>(Lcom/badlogic/gdx/ApplicationListener;Lcom/badlogic/gdx/backends/lwjgl/LwjglApplicationConfiguration;Lcom/badlogic/gdx/backends/lwjgl/LwjglGraphics;)V+120
j  com.badlogic.gdx.backends.lwjgl.LwjglApplication.<init>(Lcom/badlogic/gdx/ApplicationListener;Lcom/badlogic/gdx/backends/lwjgl/LwjglApplicationConfiguration;)V+11
j  org.uqbar.project.wollok.game.gameboard.WollokGDXApplication.<init>(Lorg/uqbar/project/wollok/game/gameboard/Gameboard;Ljava/lang/Boolean;)V+17
j  org.uqbar.project.wollok.game.helpers.Application.start(Lorg/uqbar/project/wollok/game/gameboard/Gameboard;Ljava/lang/Boolean;)V+5
j  org.uqbar.project.wollok.game.gameboard.Gameboard.start(Ljava/lang/Boolean;)V+13
j  wollok.game.GameObject.doStart(Ljava/lang/Boolean;)V+12
v  ~StubRoutines::call_stub
j  sun.reflect.NativeMethodAccessorImpl.invoke0(Ljava/lang/reflect/Method;Ljava/lang/Object;[Ljava/lang/Object;)Ljava/lang/Object;+0
j  sun.reflect.NativeMethodAccessorImpl.invoke(Ljava/lang/Object;[Ljava/lang/Object;)Ljava/lang/Object;+100
J 2836 C1 sun.reflect.DelegatingMethodAccessorImpl.invoke(Ljava/lang/Object;[Ljava/lang/Object;)Ljava/lang/Object; (10 bytes) @ 0x0000012780adcd8c [0x0000012780adcc80+0x10c]
J 2835 C1 java.lang.reflect.Method.invoke(Ljava/lang/Object;[Ljava/lang/Object;)Ljava/lang/Object; (62 bytes) @ 0x0000012780adc794 [0x0000012780adc3c0+0x3d4]
j  org.uqbar.project.wollok.ui.utils.XTendUtilExtensions.invokeConvertingArgs(Ljava/lang/reflect/Method;Ljava/lang/Object;[Ljava/lang/Object;)Lorg/uqbar/project/wollok/interpreter/core/WollokObject;+261
j  org.uqbar.project.wollok.interpreter.AbstractWollokCallable._invokeNative(Ljava/lang/Object;Ljava/lang/String;[Lorg/uqbar/project/wollok/interpreter/core/WollokObject;)Lorg/uqbar/project/wollok/interpreter/core/WollokObject;+41
j  org.uqbar.project.wollok.interpreter.AbstractWollokCallable.invokeNative(Ljava/lang/Object;Ljava/lang/String;[Lorg/uqbar/project/wollok/interpreter/core/WollokObject;)Lorg/uqbar/project/wollok/interpreter/core/WollokObject;+26
j  org.uqbar.project.wollok.interpreter.AbstractWollokCallable$1.apply()Lorg/uqbar/project/wollok/interpreter/core/WollokObject;+55
j  org.uqbar.project.wollok.interpreter.AbstractWollokCallable$1.apply()Ljava/lang/Object;+1
j  org.uqbar.project.wollok.interpreter.threads.WThread.performOnStack(Lorg/eclipse/emf/ecore/EObject;Lorg/uqbar/project/wollok/interpreter/context/EvaluationContext;Lorg/eclipse/xtext/xbase/lib/Functions$Function0;)Lorg/uqbar/project/wollok/interpreter/core/WollokObject;+29
j  org.uqbar.project.wollok.interpreter.WollokInterpreter.performOnStack(Lorg/eclipse/emf/ecore/EObject;Lorg/uqbar/project/wollok/interpreter/context/EvaluationContext;Lorg/eclipse/xtext/xbase/lib/Functions$Function0;)Lorg/uqbar/project/wollok/interpreter/core/WollokObject;+7
j  org.uqbar.project.wollok.interpreter.AbstractWollokCallable.call(Lorg/uqbar/project/wollok/wollokDsl/WMethodDeclaration;[Lorg/uqbar/project/wollok/interpreter/core/WollokObject;)Lorg/uqbar/project/wollok/interpreter/core/WollokObject;+38
j  org.uqbar.project.wollok.interpreter.core.WollokObject.call(Ljava/lang/String;[Lorg/uqbar/project/wollok/interpreter/core/WollokObject;)Lorg/uqbar/project/wollok/interpreter/core/WollokObject;+55
j  org.uqbar.project.wollok.interpreter.WollokInterpreterEvaluator._evaluate(Lorg/uqbar/project/wollok/wollokDsl/WFeatureCall;)Lorg/uqbar/project/wollok/interpreter/core/WollokObject;+119
j  org.uqbar.project.wollok.launch.WollokLauncherInterpreterEvaluator.evaluate(Lorg/eclipse/emf/ecore/EObject;)Lorg/uqbar/project/wollok/interpreter/core/WollokObject;+412
j  org.uqbar.project.wollok.interpreter.WollokInterpreterEvaluator.evaluate(Lorg/eclipse/emf/ecore/EObject;)Ljava/lang/Object;+2
j  org.uqbar.project.wollok.interpreter.WollokInterpreter.eval(Lorg/eclipse/emf/ecore/EObject;)Lorg/uqbar/project/wollok/interpreter/core/WollokObject;+63
j  org.uqbar.project.wollok.interpreter.WollokInterpreterEvaluator.eval(Lorg/eclipse/emf/ecore/EObject;)Lorg/uqbar/project/wollok/interpreter/core/WollokObject;+5
j  org.uqbar.project.wollok.interpreter.WollokInterpreterEvaluator$1.apply(Lorg/uqbar/project/wollok/interpreter/core/WollokObject;Lorg/eclipse/emf/ecore/EObject;)Lorg/uqbar/project/wollok/interpreter/core/WollokObject;+5
j  org.uqbar.project.wollok.interpreter.WollokInterpreterEvaluator$1.apply(Ljava/lang/Object;Ljava/lang/Object;)Ljava/lang/Object;+9
j  org.eclipse.xtext.xbase.lib.IteratorExtensions.fold(Ljava/util/Iterator;Ljava/lang/Object;Lorg/eclipse/xtext/xbase/lib/Functions$Function2;)Ljava/lang/Object;+19
j  org.eclipse.xtext.xbase.lib.IterableExtensions.fold(Ljava/lang/Iterable;Ljava/lang/Object;Lorg/eclipse/xtext/xbase/lib/Functions$Function2;)Ljava/lang/Object;+8
j  org.uqbar.project.wollok.interpreter.WollokInterpreterEvaluator.evalAll(Ljava/lang/Iterable;)Lorg/uqbar/project/wollok/interpreter/core/WollokObject;+12
j  org.uqbar.project.wollok.interpreter.WollokInterpreterEvaluator._evaluate(Lorg/uqbar/project/wollok/wollokDsl/WBlockExpression;)Lorg/uqbar/project/wollok/interpreter/core/WollokObject;+34
j  org.uqbar.project.wollok.launch.WollokLauncherInterpreterEvaluator.evaluate(Lorg/eclipse/emf/ecore/EObject;)Lorg/uqbar/project/wollok/interpreter/core/WollokObject;+76
j  org.uqbar.project.wollok.interpreter.WollokInterpreterEvaluator.evaluate(Lorg/eclipse/emf/ecore/EObject;)Ljava/lang/Object;+2
j  org.uqbar.project.wollok.interpreter.WollokInterpreter.eval(Lorg/eclipse/emf/ecore/EObject;)Lorg/uqbar/project/wollok/interpreter/core/WollokObject;+63
j  org.uqbar.project.wollok.interpreter.AbstractWollokCallable.eval(Lorg/eclipse/emf/ecore/EObject;)Lorg/uqbar/project/wollok/interpreter/core/WollokObject;+5
j  org.uqbar.project.wollok.interpreter.AbstractWollokCallable$1.apply()Lorg/uqbar/project/wollok/interpreter/core/WollokObject;+110
j  org.uqbar.project.wollok.interpreter.AbstractWollokCallable$1.apply()Ljava/lang/Object;+1
j  org.uqbar.project.wollok.interpreter.threads.WThread.performOnStack(Lorg/eclipse/emf/ecore/EObject;Lorg/uqbar/project/wollok/interpreter/context/EvaluationContext;Lorg/eclipse/xtext/xbase/lib/Functions$Function0;)Lorg/uqbar/project/wollok/interpreter/core/WollokObject;+29
j  org.uqbar.project.wollok.interpreter.WollokInterpreter.performOnStack(Lorg/eclipse/emf/ecore/EObject;Lorg/uqbar/project/wollok/interpreter/context/EvaluationContext;Lorg/eclipse/xtext/xbase/lib/Functions$Function0;)Lorg/uqbar/project/wollok/interpreter/core/WollokObject;+7
j  org.uqbar.project.wollok.interpreter.AbstractWollokCallable.call(Lorg/uqbar/project/wollok/wollokDsl/WMethodDeclaration;[Lorg/uqbar/project/wollok/interpreter/core/WollokObject;)Lorg/uqbar/project/wollok/interpreter/core/WollokObject;+38
j  org.uqbar.project.wollok.interpreter.core.WollokObject.call(Ljava/lang/String;[Lorg/uqbar/project/wollok/interpreter/core/WollokObject;)Lorg/uqbar/project/wollok/interpreter/core/WollokObject;+55
j  org.uqbar.project.wollok.interpreter.WollokInterpreterEvaluator._evaluate(Lorg/uqbar/project/wollok/wollokDsl/WFeatureCall;)Lorg/uqbar/project/wollok/interpreter/core/WollokObject;+119
j  org.uqbar.project.wollok.launch.WollokLauncherInterpreterEvaluator.evaluate(Lorg/eclipse/emf/ecore/EObject;)Lorg/uqbar/project/wollok/interpreter/core/WollokObject;+412
j  org.uqbar.project.wollok.interpreter.WollokInterpreterEvaluator.evaluate(Lorg/eclipse/emf/ecore/EObject;)Ljava/lang/Object;+2
j  org.uqbar.project.wollok.interpreter.WollokInterpreter.eval(Lorg/eclipse/emf/ecore/EObject;)Lorg/uqbar/project/wollok/interpreter/core/WollokObject;+63
j  org.uqbar.project.wollok.interpreter.WollokInterpreterEvaluator.eval(Lorg/eclipse/emf/ecore/EObject;)Lorg/uqbar/project/wollok/interpreter/core/WollokObject;+5
j  org.uqbar.project.wollok.interpreter.WollokInterpreterEvaluator$1.apply(Lorg/uqbar/project/wollok/interpreter/core/WollokObject;Lorg/eclipse/emf/ecore/EObject;)Lorg/uqbar/project/wollok/interpreter/core/WollokObject;+5
j  org.uqbar.project.wollok.interpreter.WollokInterpreterEvaluator$1.apply(Ljava/lang/Object;Ljava/lang/Object;)Ljava/lang/Object;+9
j  org.eclipse.xtext.xbase.lib.IteratorExtensions.fold(Ljava/util/Iterator;Ljava/lang/Object;Lorg/eclipse/xtext/xbase/lib/Functions$Function2;)Ljava/lang/Object;+19
j  org.eclipse.xtext.xbase.lib.IterableExtensions.fold(Ljava/lang/Iterable;Ljava/lang/Object;Lorg/eclipse/xtext/xbase/lib/Functions$Function2;)Ljava/lang/Object;+8
j  org.uqbar.project.wollok.interpreter.WollokInterpreterEvaluator.evalAll(Ljava/lang/Iterable;)Lorg/uqbar/project/wollok/interpreter/core/WollokObject;+12
j  org.uqbar.project.wollok.interpreter.WollokInterpreterEvaluator._evaluate(Lorg/uqbar/project/wollok/wollokDsl/WProgram;)Lorg/uqbar/project/wollok/interpreter/core/WollokObject;+18
j  org.uqbar.project.wollok.launch.WollokLauncherInterpreterEvaluator.evaluate(Lorg/eclipse/emf/ecore/EObject;)Lorg/uqbar/project/wollok/interpreter/core/WollokObject;+444
j  org.uqbar.project.wollok.interpreter.WollokInterpreterEvaluator.evaluate(Lorg/eclipse/emf/ecore/EObject;)Ljava/lang/Object;+2
j  org.uqbar.project.wollok.interpreter.WollokInterpreter.eval(Lorg/eclipse/emf/ecore/EObject;)Lorg/uqbar/project/wollok/interpreter/core/WollokObject;+63
j  org.uqbar.project.wollok.interpreter.WollokInterpreterEvaluator.eval(Lorg/eclipse/emf/ecore/EObject;)Lorg/uqbar/project/wollok/interpreter/core/WollokObject;+5
j  org.uqbar.project.wollok.launch.WollokLauncherInterpreterEvaluator._evaluate(Lorg/uqbar/project/wollok/wollokDsl/WFile;)Lorg/uqbar/project/wollok/interpreter/core/WollokObject;+32
j  org.uqbar.project.wollok.launch.WollokLauncherInterpreterEvaluator.evaluate(Lorg/eclipse/emf/ecore/EObject;)Lorg/uqbar/project/wollok/interpreter/core/WollokObject;+428
j  org.uqbar.project.wollok.interpreter.WollokInterpreterEvaluator.evaluate(Lorg/eclipse/emf/ecore/EObject;)Ljava/lang/Object;+2
j  org.uqbar.project.wollok.interpreter.WollokInterpreter.interpret(Lorg/eclipse/emf/ecore/EObject;Ljava/lang/Boolean;)Lorg/uqbar/project/wollok/interpreter/core/WollokObject;+25
j  org.uqbar.project.wollok.interpreter.WollokInterpreter.interpret(Lorg/eclipse/emf/ecore/EObject;)Lorg/uqbar/project/wollok/interpreter/core/WollokObject;+8
j  org.uqbar.project.wollok.launch.WollokLauncher.doSomething(Lorg/uqbar/project/wollok/wollokDsl/WFile;Lcom/google/inject/Injector;Ljava/io/File;Lorg/uqbar/project/wollok/launch/WollokLauncherParameters;)V+109
j  org.uqbar.project.wollok.launch.WollokChecker.launch(Ljava/lang/String;Lorg/uqbar/project/wollok/launch/WollokLauncherParameters;)V+31
j  org.uqbar.project.wollok.launch.WollokChecker.doMain([Ljava/lang/String;)V+205
j  org.uqbar.project.wollok.launch.WollokLauncher.main([Ljava/lang/String;)V+8
v  ~StubRoutines::call_stub

---------------  P R O C E S S  ---------------

Java Threads: ( => current thread )
  0x000001279d14b800 JavaThread "com.google.inject.internal.util.$Finalizer" daemon [_thread_blocked, id=20844, stack(0x0000000feb100000,0x0000000feb200000)]
  0x000001279ceb5800 JavaThread "EMF Reference Cleaner" daemon [_thread_blocked, id=17640, stack(0x0000000feb000000,0x0000000feb100000)]
  0x000001279bdce800 JavaThread "Service Thread" daemon [_thread_blocked, id=3740, stack(0x0000000feae00000,0x0000000feaf00000)]
  0x000001279bd26000 JavaThread "C1 CompilerThread11" daemon [_thread_blocked, id=21364, stack(0x0000000fead00000,0x0000000feae00000)]
  0x000001279bd23000 JavaThread "C1 CompilerThread10" daemon [_thread_blocked, id=19104, stack(0x0000000feac00000,0x0000000fead00000)]
  0x000001279bd25000 JavaThread "C1 CompilerThread9" daemon [_thread_blocked, id=21208, stack(0x0000000feab00000,0x0000000feac00000)]
  0x000001279bd23800 JavaThread "C1 CompilerThread8" daemon [_thread_blocked, id=15400, stack(0x0000000feaa00000,0x0000000feab00000)]
  0x000001279bd22000 JavaThread "C2 CompilerThread7" daemon [_thread_blocked, id=15480, stack(0x0000000fea900000,0x0000000feaa00000)]
  0x000001279bd24800 JavaThread "C2 CompilerThread6" daemon [_thread_blocked, id=10248, stack(0x0000000fea800000,0x0000000fea900000)]
  0x000001279bd21800 JavaThread "C2 CompilerThread5" daemon [_thread_blocked, id=16588, stack(0x0000000fea700000,0x0000000fea800000)]
  0x000001279bcf9000 JavaThread "C2 CompilerThread4" daemon [_thread_blocked, id=4660, stack(0x0000000fea600000,0x0000000fea700000)]
  0x000001279bce8800 JavaThread "C2 CompilerThread3" daemon [_thread_blocked, id=11848, stack(0x0000000fea500000,0x0000000fea600000)]
  0x000001279bce4800 JavaThread "C2 CompilerThread2" daemon [_thread_blocked, id=12228, stack(0x0000000fea400000,0x0000000fea500000)]
  0x000001279bce0800 JavaThread "C2 CompilerThread1" daemon [_thread_blocked, id=20080, stack(0x0000000fea300000,0x0000000fea400000)]
  0x000001279bcdf000 JavaThread "C2 CompilerThread0" daemon [_thread_blocked, id=17064, stack(0x0000000fea200000,0x0000000fea300000)]
  0x000001279bcda800 JavaThread "Attach Listener" daemon [_thread_blocked, id=4688, stack(0x0000000fea100000,0x0000000fea200000)]
  0x000001279bcd8000 JavaThread "Signal Dispatcher" daemon [_thread_blocked, id=20032, stack(0x0000000fea000000,0x0000000fea100000)]
  0x0000012798ff7800 JavaThread "Finalizer" daemon [_thread_blocked, id=13028, stack(0x0000000fe9f00000,0x0000000fea000000)]
  0x0000012798ff0000 JavaThread "Reference Handler" daemon [_thread_blocked, id=8228, stack(0x0000000fe9e00000,0x0000000fe9f00000)]
=>0x00000127fe126800 JavaThread "main" [_thread_in_native, id=7832, stack(0x0000000fe8f00000,0x0000000fe9000000)]

Other Threads:
  0x0000012798fe6800 VMThread [stack: 0x0000000fe9d00000,0x0000000fe9e00000] [id=18444]
  0x000001279bdd4800 WatcherThread [stack: 0x0000000feaf00000,0x0000000feb000000] [id=4028]

VM state:not at safepoint (normal execution)

VM Mutex/Monitor currently owned by a thread: None

heap address: 0x00000006c0c00000, size: 4084 MB, Compressed Oops mode: Zero based, Oop shift amount: 3
Narrow klass base: 0x0000000000000000, Narrow klass shift: 3
Compressed class space size: 1073741824 Address: 0x00000007c0000000

Heap:
 PSYoungGen      total 76288K, used 2434K [0x000000076af00000, 0x0000000774400000, 0x00000007c0000000)
  eden space 65536K, 3% used [0x000000076af00000,0x000000076b160bf8,0x000000076ef00000)
  from space 10752K, 0% used [0x000000076ef00000,0x000000076ef00000,0x000000076f980000)
  to   space 10752K, 0% used [0x0000000773980000,0x0000000773980000,0x0000000774400000)
 ParOldGen       total 132096K, used 18223K [0x00000006c0c00000, 0x00000006c8d00000, 0x000000076af00000)
  object space 132096K, 13% used [0x00000006c0c00000,0x00000006c1dcbfd8,0x00000006c8d00000)
 Metaspace       used 21090K, capacity 21358K, committed 21504K, reserved 1069056K
  class space    used 2697K, capacity 2777K, committed 2816K, reserved 1048576K

Card table byte_map: [0x000001278f000000,0x000001278f800000] byte_map_base: 0x000001278b9fa000

Marking Bits: (ParMarkBitMap*) 0x0000000055128fd0
 Begin Bits: [0x000001278fd60000, 0x0000012793d30000)
 End Bits:   [0x0000012793d30000, 0x0000012797d00000)

Polling page: 0x00000127fe0d0000

CodeCache: size=245760Kb used=12924Kb max_used=12934Kb free=232835Kb
 bounds [0x0000012780000000, 0x0000012780cb0000, 0x000001278f000000]
 total_blobs=3859 nmethods=3412 adapters=356
 compilation: enabled

Compilation events (10 events):
Event: 2.024 Thread 0x000001279bd23000 nmethod 3407 0x0000012780c925d0 code [0x0000012780c92720, 0x0000012780c92878]
Event: 2.024 Thread 0x000001279bd26000 nmethod 3406 0x0000012780c920d0 code [0x0000012780c92240, 0x0000012780c924b8]
Event: 2.024 Thread 0x000001279bd25000 3409       3       java.nio.DirectByteBuffer::put (18 bytes)
Event: 2.024 Thread 0x000001279bd23800 3410       1       java.nio.DirectByteBuffer::ix (10 bytes)
Event: 2.024 Thread 0x000001279bd23800 nmethod 3410 0x0000012780c72a50 code [0x0000012780c72ba0, 0x0000012780c72cb8]
Event: 2.025 Thread 0x000001279bd25000 nmethod 3409 0x0000012780c91bd0 code [0x0000012780c91d40, 0x0000012780c91fb8]
Event: 2.030 Thread 0x000001279bd23000 3411       3       java.lang.String::getBytes (14 bytes)
Event: 2.030 Thread 0x000001279bd26000 3412   !   3       java.lang.StringCoding::encode (64 bytes)
Event: 2.030 Thread 0x000001279bd23000 nmethod 3411 0x0000012780c91810 code [0x0000012780c91980, 0x0000012780c91b10]
Event: 2.031 Thread 0x000001279bd26000 nmethod 3412 0x0000012780c9a590 code [0x0000012780c9a800, 0x0000012780c9b4b0]

GC Heap History (8 events):
Event: 0.604 GC heap before
{Heap before GC invocations=1 (full 0):
 PSYoungGen      total 76288K, used 65343K [0x000000076af00000, 0x0000000770400000, 0x00000007c0000000)
  eden space 65536K, 99% used [0x000000076af00000,0x000000076eecff58,0x000000076ef00000)
  from space 10752K, 0% used [0x000000076f980000,0x000000076f980000,0x0000000770400000)
  to   space 10752K, 0% used [0x000000076ef00000,0x000000076ef00000,0x000000076f980000)
 ParOldGen       total 175104K, used 0K [0x00000006c0c00000, 0x00000006cb700000, 0x000000076af00000)
  object space 175104K, 0% used [0x00000006c0c00000,0x00000006c0c00000,0x00000006cb700000)
 Metaspace       used 8409K, capacity 8552K, committed 8832K, reserved 1056768K
  class space    used 1036K, capacity 1076K, committed 1152K, reserved 1048576K
Event: 0.610 GC heap after
Heap after GC invocations=1 (full 0):
 PSYoungGen      total 76288K, used 10725K [0x000000076af00000, 0x0000000770400000, 0x00000007c0000000)
  eden space 65536K, 0% used [0x000000076af00000,0x000000076af00000,0x000000076ef00000)
  from space 10752K, 99% used [0x000000076ef00000,0x000000076f979498,0x000000076f980000)
  to   space 10752K, 0% used [0x000000076f980000,0x000000076f980000,0x0000000770400000)
 ParOldGen       total 175104K, used 1891K [0x00000006c0c00000, 0x00000006cb700000, 0x000000076af00000)
  object space 175104K, 1% used [0x00000006c0c00000,0x00000006c0dd8f38,0x00000006cb700000)
 Metaspace       used 8409K, capacity 8552K, committed 8832K, reserved 1056768K
  class space    used 1036K, capacity 1076K, committed 1152K, reserved 1048576K
}
Event: 1.153 GC heap before
{Heap before GC invocations=2 (full 0):
 PSYoungGen      total 76288K, used 76261K [0x000000076af00000, 0x0000000770400000, 0x00000007c0000000)
  eden space 65536K, 100% used [0x000000076af00000,0x000000076ef00000,0x000000076ef00000)
  from space 10752K, 99% used [0x000000076ef00000,0x000000076f979498,0x000000076f980000)
  to   space 10752K, 0% used [0x000000076f980000,0x000000076f980000,0x0000000770400000)
 ParOldGen       total 175104K, used 1891K [0x00000006c0c00000, 0x00000006cb700000, 0x000000076af00000)
  object space 175104K, 1% used [0x00000006c0c00000,0x00000006c0dd8f38,0x00000006cb700000)
 Metaspace       used 14756K, capacity 14890K, committed 14976K, reserved 1062912K
  class space    used 1885K, capacity 1919K, committed 1920K, reserved 1048576K
Event: 1.162 GC heap after
Heap after GC invocations=2 (full 0):
 PSYoungGen      total 76288K, used 10742K [0x000000076af00000, 0x0000000774400000, 0x00000007c0000000)
  eden space 65536K, 0% used [0x000000076af00000,0x000000076af00000,0x000000076ef00000)
  from space 10752K, 99% used [0x000000076f980000,0x00000007703fd8d8,0x0000000770400000)
  to   space 10752K, 0% used [0x000000076ef00000,0x000000076ef00000,0x000000076f980000)
 ParOldGen       total 175104K, used 8710K [0x00000006c0c00000, 0x00000006cb700000, 0x000000076af00000)
  object space 175104K, 4% used [0x00000006c0c00000,0x00000006c1481b88,0x00000006cb700000)
 Metaspace       used 14756K, capacity 14890K, committed 14976K, reserved 1062912K
  class space    used 1885K, capacity 1919K, committed 1920K, reserved 1048576K
}
Event: 1.966 GC heap before
{Heap before GC invocations=3 (full 0):
 PSYoungGen      total 76288K, used 64250K [0x000000076af00000, 0x0000000774400000, 0x00000007c0000000)
  eden space 65536K, 81% used [0x000000076af00000,0x000000076e341198,0x000000076ef00000)
  from space 10752K, 99% used [0x000000076f980000,0x00000007703fd8d8,0x0000000770400000)
  to   space 10752K, 0% used [0x000000076ef00000,0x000000076ef00000,0x000000076f980000)
 ParOldGen       total 175104K, used 8710K [0x00000006c0c00000, 0x00000006cb700000, 0x000000076af00000)
  object space 175104K, 4% used [0x00000006c0c00000,0x00000006c1481b88,0x00000006cb700000)
 Metaspace       used 20862K, capacity 21070K, committed 21248K, reserved 1067008K
  class space    used 2663K, capacity 2745K, committed 2816K, reserved 1048576K
Event: 1.974 GC heap after
Heap after GC invocations=3 (full 0):
 PSYoungGen      total 76288K, used 10742K [0x000000076af00000, 0x0000000774400000, 0x00000007c0000000)
  eden space 65536K, 0% used [0x000000076af00000,0x000000076af00000,0x000000076ef00000)
  from space 10752K, 99% used [0x000000076ef00000,0x000000076f97d890,0x000000076f980000)
  to   space 10752K, 0% used [0x0000000773980000,0x0000000773980000,0x0000000774400000)
 ParOldGen       total 175104K, used 15613K [0x00000006c0c00000, 0x00000006cb700000, 0x000000076af00000)
  object space 175104K, 8% used [0x00000006c0c00000,0x00000006c1b3f7c8,0x00000006cb700000)
 Metaspace       used 20862K, capacity 21070K, committed 21248K, reserved 1067008K
  class space    used 2663K, capacity 2745K, committed 2816K, reserved 1048576K
}
Event: 1.975 GC heap before
{Heap before GC invocations=4 (full 1):
 PSYoungGen      total 76288K, used 10742K [0x000000076af00000, 0x0000000774400000, 0x00000007c0000000)
  eden space 65536K, 0% used [0x000000076af00000,0x000000076af00000,0x000000076ef00000)
  from space 10752K, 99% used [0x000000076ef00000,0x000000076f97d890,0x000000076f980000)
  to   space 10752K, 0% used [0x0000000773980000,0x0000000773980000,0x0000000774400000)
 ParOldGen       total 175104K, used 15613K [0x00000006c0c00000, 0x00000006cb700000, 0x000000076af00000)
  object space 175104K, 8% used [0x00000006c0c00000,0x00000006c1b3f7c8,0x00000006cb700000)
 Metaspace       used 20862K, capacity 21070K, committed 21248K, reserved 1067008K
  class space    used 2663K, capacity 2745K, committed 2816K, reserved 1048576K
Event: 2.007 GC heap after
Heap after GC invocations=4 (full 1):
 PSYoungGen      total 76288K, used 0K [0x000000076af00000, 0x0000000774400000, 0x00000007c0000000)
  eden space 65536K, 0% used [0x000000076af00000,0x000000076af00000,0x000000076ef00000)
  from space 10752K, 0% used [0x000000076ef00000,0x000000076ef00000,0x000000076f980000)
  to   space 10752K, 0% used [0x0000000773980000,0x0000000773980000,0x0000000774400000)
 ParOldGen       total 132096K, used 18223K [0x00000006c0c00000, 0x00000006c8d00000, 0x000000076af00000)
  object space 132096K, 13% used [0x00000006c0c00000,0x00000006c1dcbfd8,0x00000006c8d00000)
 Metaspace       used 20862K, capacity 21070K, committed 21248K, reserved 1067008K
  class space    used 2663K, capacity 2745K, committed 2816K, reserved 1048576K
}

Deoptimization events (10 events):
Event: 1.570 Thread 0x00000127fe126800 Uncommon trap: reason=bimorphic action=maybe_recompile pc=0x00000127807ccbe8 method=org.eclipse.emf.common.util.AbstractEList$EIterator.next()Ljava/lang/Object; @ 1
Event: 1.571 Thread 0x00000127fe126800 Uncommon trap: reason=unstable_if action=reinterpret pc=0x00000127808e0d78 method=org.uqbar.project.wollok.parser.antlr.internal.InternalWollokDslLexer$DFA19.specialStateTransition(ILorg/antlr/runtime/IntStream;)I @ 497
Event: 1.583 Thread 0x00000127fe126800 Uncommon trap: reason=bimorphic action=maybe_recompile pc=0x00000127807ccbe8 method=org.eclipse.emf.common.util.AbstractEList$EIterator.next()Ljava/lang/Object; @ 1
Event: 1.588 Thread 0x00000127fe126800 Uncommon trap: reason=unstable_if action=reinterpret pc=0x0000012780a2b0b0 method=org.uqbar.project.wollok.parser.antlr.internal.InternalWollokDslLexer.mRULE_ML_COMMENT()V @ 66
Event: 1.689 Thread 0x00000127fe126800 Uncommon trap: reason=class_check action=maybe_recompile pc=0x0000012780a99b9c method=org.eclipse.xtext.EcoreUtil2.getContainerOfType(Lorg/eclipse/emf/ecore/EObject;Ljava/lang/Class;)Lorg/eclipse/emf/ecore/EObject; @ 19
Event: 1.704 Thread 0x00000127fe126800 Uncommon trap: reason=unstable_if action=reinterpret pc=0x000001278071dde4 method=java.util.concurrent.ConcurrentHashMap.putVal(Ljava/lang/Object;Ljava/lang/Object;Z)Ljava/lang/Object; @ 181
Event: 1.724 Thread 0x00000127fe126800 Uncommon trap: reason=unstable_if action=reinterpret pc=0x000001278038815c method=java.lang.ThreadLocal$ThreadLocalMap.getEntry(Ljava/lang/ThreadLocal;)Ljava/lang/ThreadLocal$ThreadLocalMap$Entry; @ 29
Event: 1.731 Thread 0x00000127fe126800 Uncommon trap: reason=unstable_if action=reinterpret pc=0x0000012780389e2c method=java.lang.ThreadLocal$ThreadLocalMap.getEntry(Ljava/lang/ThreadLocal;)Ljava/lang/ThreadLocal$ThreadLocalMap$Entry; @ 29
Event: 1.816 Thread 0x00000127fe126800 Uncommon trap: reason=unstable_if action=reinterpret pc=0x0000012780b7b354 method=org.uqbar.project.wollok.wollokDsl.impl.WMemberFeatureCallImpl.eIsSet(I)Z @ 104
Event: 1.877 Thread 0x00000127fe126800 Uncommon trap: reason=unstable_if action=reinterpret pc=0x0000012780bd9484 method=java.io.WinNTFileSystem.normalize(Ljava/lang/String;)Ljava/lang/String; @ 49

Classes redefined (0 events):
No events

Internal exceptions (10 events):
Event: 1.385 Thread 0x00000127fe126800 Exception <a 'java/lang/NoSuchFieldError': method resolution failed> (0x000000076bf410c8) thrown at [C:\jenkins\workspace\8-2-build-windows-x64-cygwin\jdk8u351\2908\hotspot\src\share\vm\prims\methodHandles.cpp, line 1188]
Event: 1.601 Thread 0x00000127fe126800 Exception <a 'java/io/FileNotFoundException'> (0x000000076cc2e710) thrown at [C:\jenkins\workspace\8-2-build-windows-x64-cygwin\jdk8u351\2908\hotspot\src\share\vm\prims\jni.cpp, line 710]
Event: 1.608 Thread 0x00000127fe126800 Exception <a 'java/io/FileNotFoundException'> (0x000000076cc6e350) thrown at [C:\jenkins\workspace\8-2-build-windows-x64-cygwin\jdk8u351\2908\hotspot\src\share\vm\prims\jni.cpp, line 710]
Event: 1.612 Thread 0x00000127fe126800 Exception <a 'java/io/FileNotFoundException'> (0x000000076cc9d080) thrown at [C:\jenkins\workspace\8-2-build-windows-x64-cygwin\jdk8u351\2908\hotspot\src\share\vm\prims\jni.cpp, line 710]
Event: 2.030 Thread 0x00000127fe126800 Exception <a 'java/security/PrivilegedActionException'> (0x000000076b043e08) thrown at [C:\jenkins\workspace\8-2-build-windows-x64-cygwin\jdk8u351\2908\hotspot\src\share\vm\prims\jvm.cpp, line 1513]
Event: 2.030 Thread 0x00000127fe126800 Exception <a 'java/security/PrivilegedActionException'> (0x000000076b045338) thrown at [C:\jenkins\workspace\8-2-build-windows-x64-cygwin\jdk8u351\2908\hotspot\src\share\vm\prims\jvm.cpp, line 1513]
Event: 2.030 Thread 0x00000127fe126800 Exception <a 'java/security/PrivilegedActionException'> (0x000000076b046768) thrown at [C:\jenkins\workspace\8-2-build-windows-x64-cygwin\jdk8u351\2908\hotspot\src\share\vm\prims\jvm.cpp, line 1513]
Event: 2.030 Thread 0x00000127fe126800 Exception <a 'java/security/PrivilegedActionException'> (0x000000076b047e28) thrown at [C:\jenkins\workspace\8-2-build-windows-x64-cygwin\jdk8u351\2908\hotspot\src\share\vm\prims\jvm.cpp, line 1513]
Event: 2.030 Thread 0x00000127fe126800 Exception <a 'java/security/PrivilegedActionException'> (0x000000076b049220) thrown at [C:\jenkins\workspace\8-2-build-windows-x64-cygwin\jdk8u351\2908\hotspot\src\share\vm\prims\jvm.cpp, line 1513]
Event: 2.030 Thread 0x00000127fe126800 Exception <a 'java/security/PrivilegedActionException'> (0x000000076b04a5e8) thrown at [C:\jenkins\workspace\8-2-build-windows-x64-cygwin\jdk8u351\2908\hotspot\src\share\vm\prims\jvm.cpp, line 1513]

Events (10 events):
Event: 2.048 loading class org/lwjgl/openal/ALCdevice
Event: 2.048 loading class org/lwjgl/openal/ALCdevice done
Event: 2.049 loading class org/lwjgl/openal/ALCcontext
Event: 2.049 loading class org/lwjgl/openal/ALCcontext done
Event: 2.049 loading class java/nio/DirectIntBufferU
Event: 2.049 loading class java/nio/DirectIntBufferU done
Event: 2.049 loading class org/lwjgl/openal/Util
Event: 2.049 loading class org/lwjgl/openal/Util done
Event: 2.049 loading class org/lwjgl/openal/OpenALException
Event: 2.049 loading class org/lwjgl/openal/OpenALException done


Dynamic libraries:
0x00007ff637e70000 - 0x00007ff637eb7000 	C:\Program Files\Java\jre1.8.0_351\bin\javaw.exe
0x00007ffa349b0000 - 0x00007ffa34ba8000 	C:\WINDOWS\SYSTEM32\ntdll.dll
0x00007ffa33900000 - 0x00007ffa339bd000 	C:\WINDOWS\System32\KERNEL32.DLL
0x00007ffa32350000 - 0x00007ffa32622000 	C:\WINDOWS\System32\KERNELBASE.dll
0x00007ffa32a10000 - 0x00007ffa32abe000 	C:\WINDOWS\System32\ADVAPI32.dll
0x00007ffa339c0000 - 0x00007ffa33a5e000 	C:\WINDOWS\System32\msvcrt.dll
0x00007ffa32ac0000 - 0x00007ffa32b5c000 	C:\WINDOWS\System32\sechost.dll
0x00007ffa337a0000 - 0x00007ffa338c5000 	C:\WINDOWS\System32\RPCRT4.dll
0x00007ffa32d20000 - 0x00007ffa32ebd000 	C:\WINDOWS\System32\USER32.dll
0x00007ffa32930000 - 0x00007ffa32952000 	C:\WINDOWS\System32\win32u.dll
0x00007ffa34270000 - 0x00007ffa3429b000 	C:\WINDOWS\System32\GDI32.dll
0x00007ffa32210000 - 0x00007ffa3231f000 	C:\WINDOWS\System32\gdi32full.dll
0x00007ffa32630000 - 0x00007ffa326cd000 	C:\WINDOWS\System32\msvcp_win.dll
0x00007ffa326d0000 - 0x00007ffa327d0000 	C:\WINDOWS\System32\ucrtbase.dll
0x00007ffa12060000 - 0x00007ffa122fa000 	C:\WINDOWS\WinSxS\amd64_microsoft.windows.common-controls_6595b64144ccf1df_6.0.19041.1110_none_60b5254171f9507e\COMCTL32.dll
0x00007ffa338d0000 - 0x00007ffa33900000 	C:\WINDOWS\System32\IMM32.DLL
0x00007ffa23cf0000 - 0x00007ffa23d05000 	C:\Program Files\Java\jre1.8.0_351\bin\vcruntime140.dll
0x00007ff9ff930000 - 0x00007ff9ff9cb000 	C:\Program Files\Java\jre1.8.0_351\bin\msvcp140.dll
0x0000000054940000 - 0x00000000551a1000 	C:\Program Files\Java\jre1.8.0_351\bin\server\jvm.dll
0x00007ffa34260000 - 0x00007ffa34268000 	C:\WINDOWS\System32\PSAPI.DLL
0x00007ffa28be0000 - 0x00007ffa28bea000 	C:\WINDOWS\SYSTEM32\VERSION.dll
0x00007ffa26450000 - 0x00007ffa26477000 	C:\WINDOWS\SYSTEM32\WINMM.dll
0x00007ffa0ce00000 - 0x00007ffa0ce09000 	C:\WINDOWS\SYSTEM32\WSOCK32.dll
0x00007ffa34730000 - 0x00007ffa3479b000 	C:\WINDOWS\System32\WS2_32.dll
0x00007ffa2ffa0000 - 0x00007ffa2ffb2000 	C:\WINDOWS\SYSTEM32\kernel.appcore.dll
0x00007ffa0ac70000 - 0x00007ffa0ac80000 	C:\Program Files\Java\jre1.8.0_351\bin\verify.dll
0x00007ff9ff480000 - 0x00007ff9ff4ab000 	C:\Program Files\Java\jre1.8.0_351\bin\java.dll
0x00007ffa00040000 - 0x00007ffa00058000 	C:\Program Files\Java\jre1.8.0_351\bin\zip.dll
0x00007ffa33b10000 - 0x00007ffa34253000 	C:\WINDOWS\System32\SHELL32.dll
0x00007ffa301a0000 - 0x00007ffa30931000 	C:\WINDOWS\SYSTEM32\windows.storage.dll
0x00007ffa343d0000 - 0x00007ffa34724000 	C:\WINDOWS\System32\combase.dll
0x00007ffa31b20000 - 0x00007ffa31b50000 	C:\WINDOWS\SYSTEM32\Wldp.dll
0x00007ffa33000000 - 0x00007ffa330ad000 	C:\WINDOWS\System32\SHCORE.dll
0x00007ffa33740000 - 0x00007ffa33795000 	C:\WINDOWS\System32\shlwapi.dll
0x00007ffa32000000 - 0x00007ffa3201f000 	C:\WINDOWS\SYSTEM32\profapi.dll
0x0000000065580000 - 0x0000000065616000 	C:\Users\lauem\AppData\Local\Temp\libgdxlauem\12dfaa03\gdx64.dll
0x00007ffa31a70000 - 0x00007ffa31a88000 	C:\WINDOWS\SYSTEM32\CRYPTSP.dll
0x00007ffa31130000 - 0x00007ffa31164000 	C:\WINDOWS\system32\rsaenh.dll
0x00007ffa32320000 - 0x00007ffa32347000 	C:\WINDOWS\System32\bcrypt.dll
0x00007ffa31f80000 - 0x00007ffa31fae000 	C:\WINDOWS\SYSTEM32\USERENV.dll
0x00007ffa32130000 - 0x00007ffa321b2000 	C:\WINDOWS\System32\bcryptprimitives.dll
0x00007ffa31a90000 - 0x00007ffa31a9c000 	C:\WINDOWS\SYSTEM32\CRYPTBASE.dll
0x00007ff9ff460000 - 0x00007ff9ff47c000 	C:\Program Files\Java\jre1.8.0_351\bin\net.dll
0x00007ffa31880000 - 0x00007ffa318ea000 	C:\WINDOWS\system32\mswsock.dll
0x00007ffa31520000 - 0x00007ffa3155b000 	C:\WINDOWS\SYSTEM32\IPHLPAPI.DLL
0x00007ffa32b60000 - 0x00007ffa32b68000 	C:\WINDOWS\System32\NSI.dll
0x00007ffa2bbe0000 - 0x00007ffa2bbf7000 	C:\WINDOWS\SYSTEM32\dhcpcsvc6.DLL
0x00007ffa2b7e0000 - 0x00007ffa2b7fd000 	C:\WINDOWS\SYSTEM32\dhcpcsvc.DLL
0x00007ffa31570000 - 0x00007ffa3163a000 	C:\WINDOWS\SYSTEM32\DNSAPI.dll
0x00007ff9f8b90000 - 0x00007ff9f8ba3000 	C:\Program Files\Java\jre1.8.0_351\bin\nio.dll
0x0000000180000000 - 0x0000000180053000 	C:\Users\lauem\AppData\Local\Temp\libgdxlauem\dc0f0009\lwjgl64.dll
0x00007ff9e6ea0000 - 0x00007ff9e6fc7000 	C:\WINDOWS\SYSTEM32\OPENGL32.dll
0x00007ffa06560000 - 0x00007ffa0658c000 	C:\WINDOWS\SYSTEM32\GLU32.dll
0x000001279f660000 - 0x000001279f6c4000 	C:\Users\lauem\AppData\Local\Temp\libgdxlauem\dc0f0009\OpenAL64.dll
0x00007ffa342a0000 - 0x00007ffa343ca000 	C:\WINDOWS\System32\ole32.dll
0x00007ffa2fa20000 - 0x00007ffa2fabe000 	C:\WINDOWS\system32\uxtheme.dll
0x00007ffa33a60000 - 0x00007ffa33b0f000 	C:\WINDOWS\System32\clbcatq.dll
0x00007ffa0ace0000 - 0x00007ffa0ad7c000 	C:\WINDOWS\SYSTEM32\dsound.dll
0x00007ffa31690000 - 0x00007ffa316db000 	C:\WINDOWS\SYSTEM32\powrprof.dll
0x00007ffa0adb0000 - 0x00007ffa0add6000 	C:\WINDOWS\SYSTEM32\winmmbase.dll
0x00007ffa31500000 - 0x00007ffa31512000 	C:\WINDOWS\SYSTEM32\UMPDC.dll
0x00007ffa27240000 - 0x00007ffa272c5000 	C:\WINDOWS\System32\MMDevApi.dll
0x00007ffa31e70000 - 0x00007ffa31e9c000 	C:\WINDOWS\System32\DEVOBJ.dll
0x00007ffa321c0000 - 0x00007ffa3220e000 	C:\WINDOWS\System32\cfgmgr32.dll
0x00007ffa0bfb0000 - 0x00007ffa0c132000 	C:\WINDOWS\SYSTEM32\AUDIOSES.DLL
0x00007ffa32bd0000 - 0x00007ffa32c9d000 	C:\WINDOWS\System32\OLEAUT32.dll
0x00007ffa22790000 - 0x00007ffa22974000 	C:\WINDOWS\SYSTEM32\dbghelp.dll

VM Arguments:
jvm_args: -Duser.language=es_419 -Dfile.encoding=UTF-8 
java_command: org.uqbar.project.wollok.launch.WollokLauncher -requestsPort 0 -eventsPort 0 -folder -dontValidate -wf src/juego.wpgm -darkMode
java_class_path (initial): D:\UNAHUR\2do cuat 2022\Objetos 1\tpgame-wolollok\bin;D:\UNAHUR\2do cuat 2022\Objetos 1\WOLLOK\plugins\com.ibm.icu_64.2.0.v20190507-1337.jar;D:\UNAHUR\2do cuat 2022\Objetos 1\WOLLOK\plugins\org.eclipse.xtext_2.20.0.v20191202-0915.jar;D:\UNAHUR\2do cuat 2022\Objetos 1\WOLLOK\plugins\org.eclipse.emf.ecore.xmi_2.16.0.v20190528-0725.jar;D:\UNAHUR\2do cuat 2022\Objetos 1\WOLLOK\plugins\org.eclipse.emf.ecore_2.20.0.v20190920-0401.jar;D:\UNAHUR\2do cuat 2022\Objetos 1\WOLLOK\plugins\org.eclipse.emf.common_2.17.0.v20190920-0401.jar;D:\UNAHUR\2do cuat 2022\Objetos 1\WOLLOK\plugins\org.antlr.runtime_3.2.0.v201101311130.jar;D:\UNAHUR\2do cuat 2022\Objetos 1\WOLLOK\plugins\com.google.inject_3.0.0.v201605172100.jar;D:\UNAHUR\2do cuat 2022\Objetos 1\WOLLOK\plugins\org.eclipse.emf.mwe.core_1.5.1.v20191121-1148.jar;D:\UNAHUR\2do cuat 2022\Objetos 1\WOLLOK\plugins\org.apache.commons.cli_1.2.0.v201404270220.jar;D:\UNAHUR\2do cuat 2022\Objetos 1\WOLLOK\plugins\org.eclipse.emf.mwe2.runtime_2.11.1.v20191121-1148.jar;D:\UNAHUR\2do cuat 2022\Objetos 1\WOLLOK\plugins\org.eclipse.emf.mwe.utils_1.5.1.v20191121-1148.jar;D:\UNAHUR\2do cuat 2022\Objetos 1\WOLLOK\plugins\org.eclipse.xtext.util_2.20.0.v20191202-0915.jar;D:\UNAHUR\2do cuat 2022\Objetos 1\WOLLOK\plugins\com.google.guava_27.1.0.v20190517-1946.jar;D:\UNAHUR\2do cuat 2022\Objetos 1\WOLLOK\plugins\javax.inject_1.0.0.v20091030.jar;D:\UNAHUR\2do cuat 2022\Objetos 1\WOLLOK\plugins\org.eclipse.xtext.generator_2.20.0.v20191202-0933.jar;D:\UNAHUR\2do cuat 2022\Objetos 1\WOLLOK\plugins\org.eclipse.xtext.xtext.generator_2.20.0.v20191202-0915.jar;D:\UNAHUR\2do cuat 2022\Objetos 1\WOLLOK\plugins\org.eclipse.xtext.xbase.lib_2.20.0.v20191202-0907.jar;D:\UNAHUR\2do cuat 2022\Objetos 1\WOLLOK\plugins\org.eclipse.emf.codegen.ecore_2.20.0.v20191012-0918.jar;D:\UNAHUR\2do cuat 2022\Objetos 1\WOLLOK\plugins\org.eclipse.emf.codegen_2.19.0.v20190821-1536.jar;D:\UNAHUR\2do cuat 2022\Objetos 1\WOLLOK\plugins\org.eclipse.xtend_2.
Launcher Type: SUN_STANDARD

Environment Variables:
PATH=C:/Program Files/Java/jre1.8.0_351/bin/server;C:/Program Files/Java/jre1.8.0_351/bin;C:/Program Files/Java/jre1.8.0_351/lib/amd64;C:\Program Files (x86)\Common Files\Oracle\Java\javapath;C:\Program Files (x86)\Razer Chroma SDK\bin;C:\Program Files\Razer Chroma SDK\bin;C:\Windows\system32;C:\Windows;C:\Windows\System32\Wbem;C:\Windows\System32\WindowsPowerShell\v1.0\;C:\Windows\System32\OpenSSH\;C:\Users\lauem\AppData\Local\Microsoft\WindowsApps;C:\Program Files (x86)\NVIDIA Corporation\PhysX\Common;C:\WINDOWS\system32;C:\WINDOWS;C:\WINDOWS\System32\Wbem;C:\WINDOWS\System32\WindowsPowerShell\v1.0\;C:\WINDOWS\System32\OpenSSH\;C:\Program Files\Git\cmd;C:\Users\lauem\AppData\Local\Microsoft\WindowsApps;C:\Users\lauem\AppData\Local\Programs\Microsoft VS Code\bin;D:\MariaDb\bin;;D:\UNAHUR\2do cuat 2022\Objetos 1\WOLLOK;
USERNAME=lauem
OS=Windows_NT
PROCESSOR_IDENTIFIER=AMD64 Family 23 Model 8 Stepping 2, AuthenticAMD



---------------  S Y S T E M  ---------------

OS: Windows 10 , 64 bit Build 19041 (10.0.19041.1889)

CPU:total 16 (initial active 16) (16 cores per cpu, 1 threads per core) family 23 model 8 stepping 2, cmov, cx8, fxsr, mmx, sse, sse2, sse3, ssse3, sse4.1, sse4.2, popcnt, avx, avx2, aes, clmul, mmxext, 3dnowpref, lzcnt, sse4a, tsc, tscinvbit, tscinv, bmi1

Memory: 4k page, physical 16723096k(8523252k free), swap 21965976k(6933348k free)

vm_info: Java HotSpot(TM) 64-Bit Server VM (25.351-b10) for windows-amd64 JRE (1.8.0_351-b10), built on Sep 15 2022 02:58:06 by "java_re" with MS VC++ 15.9 (VS2017)

time: Sun Oct 23 19:11:36 2022
timezone: Hora estándar de Argentina
elapsed time: 2.068040 seconds (0d 0h 0m 2s)

